<?xml version="1.0" encoding="UTF-8"?>
<!-- Generated by org.testng.reporters.JUnitReportReporter -->
<testsuite hostname="Dragon-Lion-King" failures="0" tests="1" name="NewTest" time="0.008" errors="0" timestamp="2022-03-15T23:06:49 IST" skipped="0">
  <testcase classname="NewTest" name="f" time="0.008"/>
  <system-out/>
</testsuite> <!-- NewTest -->
